#
# There is insufficient memory for the Java Runtime Environment to continue.
# Native memory allocation (malloc) failed to allocate 78912 bytes for Chunk::new
# Possible reasons:
#   The system is out of physical RAM or swap space
#   The process is running with CompressedOops enabled, and the Java Heap may be blocking the growth of the native heap
# Possible solutions:
#   Reduce memory load on the system
#   Increase physical memory or swap space
#   Check if swap backing store is full
#   Decrease Java heap size (-Xmx/-Xms)
#   Decrease number of Java threads
#   Decrease Java thread stack sizes (-Xss)
#   Set larger code cache with -XX:ReservedCodeCacheSize=
#   JVM is running with Unscaled Compressed Oops mode in which the Java heap is
#     placed in the first 4GB address space. The Java Heap base address is the
#     maximum limit for the native heap growth. Please use -XX:HeapBaseMinAddress
#     to set the Java Heap base and to place the Java Heap above 4GB virtual address.
# This output file may be truncated or incomplete.
#
#  Out of Memory Error (allocation.cpp:389), pid=10972, tid=0x00000000000025f0
#
# JRE version: OpenJDK Runtime Environment (8.0_242-b01) (build 1.8.0_242-release-1644-b01)
# Java VM: OpenJDK 64-Bit Server VM (25.242-b01 mixed mode windows-amd64 compressed oops)
# Failed to write core dump. Minidumps are not enabled by default on client versions of Windows
#

---------------  T H R E A D  ---------------

Current thread (0x0000000016fca000):  JavaThread "C2 CompilerThread1" daemon [_thread_in_native, id=9712, stack(0x00000000186d0000,0x00000000187d0000)]

Stack: [0x00000000186d0000,0x00000000187d0000]
[error occurred during error reporting (printing stack bounds), id 0xc0000005]

Native frames: (J=compiled Java code, j=interpreted, Vv=VM code, C=native code)


Current CompileTask:
C2:   6269 3311       4       org.jetbrains.org.objectweb.asm.ClassReader::readMethod (1061 bytes)


---------------  P R O C E S S  ---------------

Java Threads: ( => current thread )
  0x00000000187d9000 JavaThread "Service Thread" daemon [_thread_blocked, id=9336, stack(0x0000000018cd0000,0x0000000018dd0000)]
  0x00000000187d3800 JavaThread "C1 CompilerThread2" daemon [_thread_blocked, id=5204, stack(0x0000000018bd0000,0x0000000018cd0000)]
=>0x0000000016fca000 JavaThread "C2 CompilerThread1" daemon [_thread_in_native, id=9712, stack(0x00000000186d0000,0x00000000187d0000)]
  0x0000000016f78000 JavaThread "C2 CompilerThread0" daemon [_thread_in_native, id=17228, stack(0x00000000185d0000,0x00000000186d0000)]
  0x0000000016f77000 JavaThread "Attach Listener" daemon [_thread_blocked, id=3528, stack(0x00000000184d0000,0x00000000185d0000)]
  0x0000000016f75000 JavaThread "Signal Dispatcher" daemon [_thread_blocked, id=7216, stack(0x00000000183d0000,0x00000000184d0000)]
  0x0000000002427000 JavaThread "Finalizer" daemon [_thread_blocked, id=15456, stack(0x00000000181c0000,0x00000000182c0000)]
  0x0000000016f59000 JavaThread "Reference Handler" daemon [_thread_blocked, id=9232, stack(0x00000000180c0000,0x00000000181c0000)]
  0x0000000002332800 JavaThread "main" [_thread_in_vm, id=15624, stack(0x0000000002230000,0x0000000002330000)]

Other Threads:
  0x0000000016f37800 VMThread [stack: 0x0000000017fc0000,0x00000000180c0000] [id=10468]
  0x00000000187da000 WatcherThread [stack: 0x0000000018dd0000,0x0000000018ed0000] [id=6856]

VM state:not at safepoint (normal execution)

VM Mutex/Monitor currently owned by a thread: None

heap address: 0x0000000081a00000, size: 2022 MB, Compressed Oops mode: 32-bit
Narrow klass base: 0x0000000000000000, Narrow klass shift: 3
Compressed class space size: 1073741824 Address: 0x0000000100000000

Heap:
 PSYoungGen      total 97280K, used 44997K [0x00000000d5e00000, 0x00000000def00000, 0x0000000100000000)
  eden space 72704K, 61% used [0x00000000d5e00000,0x00000000d89f1468,0x00000000da500000)
  from space 24576K, 0% used [0x00000000dbc80000,0x00000000dbc80000,0x00000000dd480000)
  to   space 24064K, 0% used [0x00000000da500000,0x00000000da500000,0x00000000dbc80000)
 ParOldGen       total 89600K, used 38421K [0x0000000081a00000, 0x0000000087180000, 0x00000000d5e00000)
  object space 89600K, 42% used [0x0000000081a00000,0x0000000083f85770,0x0000000087180000)
 Metaspace       used 38861K, capacity 39444K, committed 39552K, reserved 1083392K
  class space    used 4792K, capacity 4976K, committed 4992K, reserved 1048576K

Card table byte_map: [0x00000000117f0000,0x0000000011bf0000] byte_map_base: 0x00000000113e3000

Marking Bits: (ParMarkBitMap*) 0x000000006cd3f030
 Begin Bits: [0x00000000122a0000, 0x0000000014238000)
 End Bits:   [0x0000000014238000, 0x00000000161d0000)

Polling page: 0x0000000000460000

CodeCache: size=245760Kb used=11993Kb max_used=11993Kb free=233766Kb
 bounds [0x0000000002430000, 0x0000000002ff0000, 0x0000000011430000]
 total_blobs=3854 nmethods=3377 adapters=390
 compilation: enabled

Compilation events (10 events):
Event: 6.237 Thread 0x00000000187d3800 3362   !   3       org.jetbrains.kotlin.metadata.ProtoBuf$Annotation$Argument::<init> (342 bytes)
Event: 6.239 Thread 0x00000000187d3800 nmethod 3362 0x0000000002fcb910 code [0x0000000002fcbd40, 0x0000000002fceca8]
Event: 6.239 Thread 0x00000000187d3800 3363       3       org.jetbrains.kotlin.metadata.ProtoBuf$Type$Argument$Projection::valueOf (50 bytes)
Event: 6.239 Thread 0x00000000187d3800 nmethod 3363 0x0000000002fd07d0 code [0x0000000002fd0940, 0x0000000002fd0af0]
Event: 6.239 Thread 0x00000000187d3800 3364       3       org.jetbrains.kotlin.protobuf.CodedInputStream::readRawVarint64 (305 bytes)
Event: 6.240 Thread 0x00000000187d3800 nmethod 3364 0x0000000002fd0b90 code [0x0000000002fd0d40, 0x0000000002fd15a8]
Event: 6.240 Thread 0x00000000187d3800 3365       3       org.jetbrains.kotlin.protobuf.FieldSet::addRepeatedField (79 bytes)
Event: 6.240 Thread 0x00000000187d3800 nmethod 3365 0x0000000002fd1810 code [0x0000000002fd1a40, 0x0000000002fd26b8]
Event: 6.241 Thread 0x00000000187d3800 3366   !   3       org.jetbrains.kotlin.metadata.ProtoBuf$Annotation$Builder::mergeFrom (60 bytes)
Event: 6.241 Thread 0x00000000187d3800 nmethod 3366 0x0000000002fd2bd0 code [0x0000000002fd2da0, 0x0000000002fd34f8]

GC Heap History (10 events):
Event: 2.224 GC heap before
{Heap before GC invocations=4 (full 1):
 PSYoungGen      total 38400K, used 5088K [0x00000000d5e00000, 0x00000000da900000, 0x0000000100000000)
  eden space 33280K, 0% used [0x00000000d5e00000,0x00000000d5e00000,0x00000000d7e80000)
  from space 5120K, 99% used [0x00000000d7e80000,0x00000000d83783e8,0x00000000d8380000)
  to   space 5120K, 0% used [0x00000000da400000,0x00000000da400000,0x00000000da900000)
 ParOldGen       total 87552K, used 24298K [0x0000000081a00000, 0x0000000086f80000, 0x00000000d5e00000)
  object space 87552K, 27% used [0x0000000081a00000,0x00000000831baad8,0x0000000086f80000)
 Metaspace       used 20655K, capacity 21060K, committed 21248K, reserved 1069056K
  class space    used 2345K, capacity 2470K, committed 2560K, reserved 1048576K
Event: 2.292 GC heap after
Heap after GC invocations=4 (full 1):
 PSYoungGen      total 38400K, used 0K [0x00000000d5e00000, 0x00000000da900000, 0x0000000100000000)
  eden space 33280K, 0% used [0x00000000d5e00000,0x00000000d5e00000,0x00000000d7e80000)
  from space 5120K, 0% used [0x00000000d7e80000,0x00000000d7e80000,0x00000000d8380000)
  to   space 5120K, 0% used [0x00000000da400000,0x00000000da400000,0x00000000da900000)
 ParOldGen       total 89600K, used 21649K [0x0000000081a00000, 0x0000000087180000, 0x00000000d5e00000)
  object space 89600K, 24% used [0x0000000081a00000,0x0000000082f24558,0x0000000087180000)
 Metaspace       used 20655K, capacity 21060K, committed 21248K, reserved 1069056K
  class space    used 2345K, capacity 2470K, committed 2560K, reserved 1048576K
}
Event: 3.473 GC heap before
{Heap before GC invocations=5 (full 1):
 PSYoungGen      total 38400K, used 33280K [0x00000000d5e00000, 0x00000000da900000, 0x0000000100000000)
  eden space 33280K, 100% used [0x00000000d5e00000,0x00000000d7e80000,0x00000000d7e80000)
  from space 5120K, 0% used [0x00000000d7e80000,0x00000000d7e80000,0x00000000d8380000)
  to   space 5120K, 0% used [0x00000000da400000,0x00000000da400000,0x00000000da900000)
 ParOldGen       total 89600K, used 21649K [0x0000000081a00000, 0x0000000087180000, 0x00000000d5e00000)
  object space 89600K, 24% used [0x0000000081a00000,0x0000000082f24558,0x0000000087180000)
 Metaspace       used 24725K, capacity 25246K, committed 25344K, reserved 1071104K
  class space    used 3147K, capacity 3301K, committed 3328K, reserved 1048576K
Event: 3.492 GC heap after
Heap after GC invocations=5 (full 1):
 PSYoungGen      total 54784K, used 5117K [0x00000000d5e00000, 0x00000000da900000, 0x0000000100000000)
  eden space 49664K, 0% used [0x00000000d5e00000,0x00000000d5e00000,0x00000000d8e80000)
  from space 5120K, 99% used [0x00000000da400000,0x00000000da8ff778,0x00000000da900000)
  to   space 5120K, 0% used [0x00000000d9f00000,0x00000000d9f00000,0x00000000da400000)
 ParOldGen       total 89600K, used 23870K [0x0000000081a00000, 0x0000000087180000, 0x00000000d5e00000)
  object space 89600K, 26% used [0x0000000081a00000,0x000000008314fb80,0x0000000087180000)
 Metaspace       used 24725K, capacity 25246K, committed 25344K, reserved 1071104K
  class space    used 3147K, capacity 3301K, committed 3328K, reserved 1048576K
}
Event: 4.959 GC heap before
{Heap before GC invocations=6 (full 1):
 PSYoungGen      total 54784K, used 54781K [0x00000000d5e00000, 0x00000000da900000, 0x0000000100000000)
  eden space 49664K, 100% used [0x00000000d5e00000,0x00000000d8e80000,0x00000000d8e80000)
  from space 5120K, 99% used [0x00000000da400000,0x00000000da8ff778,0x00000000da900000)
  to   space 5120K, 0% used [0x00000000d9f00000,0x00000000d9f00000,0x00000000da400000)
 ParOldGen       total 89600K, used 23870K [0x0000000081a00000, 0x0000000087180000, 0x00000000d5e00000)
  object space 89600K, 26% used [0x0000000081a00000,0x000000008314fb80,0x0000000087180000)
 Metaspace       used 33304K, capacity 33826K, committed 34048K, reserved 1079296K
  class space    used 4178K, capacity 4336K, committed 4352K, reserved 1048576K
Event: 4.979 GC heap after
Heap after GC invocations=6 (full 1):
 PSYoungGen      total 71680K, used 5103K [0x00000000d5e00000, 0x00000000dd480000, 0x0000000100000000)
  eden space 66560K, 0% used [0x00000000d5e00000,0x00000000d5e00000,0x00000000d9f00000)
  from space 5120K, 99% used [0x00000000d9f00000,0x00000000da3fbd48,0x00000000da400000)
  to   space 24576K, 0% used [0x00000000dbc80000,0x00000000dbc80000,0x00000000dd480000)
 ParOldGen       total 89600K, used 36762K [0x0000000081a00000, 0x0000000087180000, 0x00000000d5e00000)
  object space 89600K, 41% used [0x0000000081a00000,0x0000000083de6b98,0x0000000087180000)
 Metaspace       used 33304K, capacity 33826K, committed 34048K, reserved 1079296K
  class space    used 4178K, capacity 4336K, committed 4352K, reserved 1048576K
}
Event: 5.210 GC heap before
{Heap before GC invocations=7 (full 1):
 PSYoungGen      total 71680K, used 14338K [0x00000000d5e00000, 0x00000000dd480000, 0x0000000100000000)
  eden space 66560K, 13% used [0x00000000d5e00000,0x00000000d6704d08,0x00000000d9f00000)
  from space 5120K, 99% used [0x00000000d9f00000,0x00000000da3fbd48,0x00000000da400000)
  to   space 24576K, 0% used [0x00000000dbc80000,0x00000000dbc80000,0x00000000dd480000)
 ParOldGen       total 89600K, used 36762K [0x0000000081a00000, 0x0000000087180000, 0x00000000d5e00000)
  object space 89600K, 41% used [0x0000000081a00000,0x0000000083de6b98,0x0000000087180000)
 Metaspace       used 34638K, capacity 35140K, committed 35416K, reserved 1081344K
  class space    used 4357K, capacity 4497K, committed 4608K, reserved 1048576K
Event: 5.222 GC heap after
Heap after GC invocations=7 (full 1):
 PSYoungGen      total 97280K, used 7710K [0x00000000d5e00000, 0x00000000def00000, 0x0000000100000000)
  eden space 72704K, 0% used [0x00000000d5e00000,0x00000000d5e00000,0x00000000da500000)
  from space 24576K, 31% used [0x00000000dbc80000,0x00000000dc407bb0,0x00000000dd480000)
  to   space 24064K, 0% used [0x00000000da500000,0x00000000da500000,0x00000000dbc80000)
 ParOldGen       total 89600K, used 36770K [0x0000000081a00000, 0x0000000087180000, 0x00000000d5e00000)
  object space 89600K, 41% used [0x0000000081a00000,0x0000000083de8b98,0x0000000087180000)
 Metaspace       used 34638K, capacity 35140K, committed 35416K, reserved 1081344K
  class space    used 4357K, capacity 4497K, committed 4608K, reserved 1048576K
}
Event: 5.222 GC heap before
{Heap before GC invocations=8 (full 2):
 PSYoungGen      total 97280K, used 7710K [0x00000000d5e00000, 0x00000000def00000, 0x0000000100000000)
  eden space 72704K, 0% used [0x00000000d5e00000,0x00000000d5e00000,0x00000000da500000)
  from space 24576K, 31% used [0x00000000dbc80000,0x00000000dc407bb0,0x00000000dd480000)
  to   space 24064K, 0% used [0x00000000da500000,0x00000000da500000,0x00000000dbc80000)
 ParOldGen       total 89600K, used 36770K [0x0000000081a00000, 0x0000000087180000, 0x00000000d5e00000)
  object space 89600K, 41% used [0x0000000081a00000,0x0000000083de8b98,0x0000000087180000)
 Metaspace       used 34638K, capacity 35140K, committed 35416K, reserved 1081344K
  class space    used 4357K, capacity 4497K, committed 4608K, reserved 1048576K
Event: 5.308 GC heap after
Heap after GC invocations=8 (full 2):
 PSYoungGen      total 97280K, used 0K [0x00000000d5e00000, 0x00000000def00000, 0x0000000100000000)
  eden space 72704K, 0% used [0x00000000d5e00000,0x00000000d5e00000,0x00000000da500000)
  from space 24576K, 0% used [0x00000000dbc80000,0x00000000dbc80000,0x00000000dd480000)
  to   space 24064K, 0% used [0x00000000da500000,0x00000000da500000,0x00000000dbc80000)
 ParOldGen       total 89600K, used 38421K [0x0000000081a00000, 0x0000000087180000, 0x00000000d5e00000)
  object space 89600K, 42% used [0x0000000081a00000,0x0000000083f85770,0x0000000087180000)
 Metaspace       used 34638K, capacity 35140K, committed 35416K, reserved 1081344K
  class space    used 4357K, capacity 4497K, committed 4608K, reserved 1048576K
}

Deoptimization events (10 events):
Event: 6.005 Thread 0x0000000002332800 Uncommon trap: reason=bimorphic action=maybe_recompile pc=0x0000000002b376a4 method=org.jetbrains.kotlin.protobuf.CodedInputStream.tryRefillBuffer(I)Z @ 177
Event: 6.008 Thread 0x0000000002332800 Uncommon trap: reason=bimorphic action=maybe_recompile pc=0x0000000002b376a4 method=org.jetbrains.kotlin.protobuf.CodedInputStream.tryRefillBuffer(I)Z @ 177
Event: 6.014 Thread 0x0000000002332800 Uncommon trap: reason=unstable_if action=reinterpret pc=0x0000000002e7236c method=org.jetbrains.org.objectweb.asm.ClassReader.readUtf(II[C)Ljava/lang/String; @ 41
Event: 6.021 Thread 0x0000000002332800 Uncommon trap: reason=unstable_if action=reinterpret pc=0x0000000002e4cf18 method=org.jetbrains.org.objectweb.asm.ClassReader.readUtf(II[C)Ljava/lang/String; @ 41
Event: 6.021 Thread 0x0000000002332800 Uncommon trap: reason=unstable_if action=reinterpret pc=0x0000000002df9618 method=org.jetbrains.org.objectweb.asm.ClassReader.readUtf(II[C)Ljava/lang/String; @ 41
Event: 6.047 Thread 0x0000000002332800 Uncommon trap: reason=bimorphic action=maybe_recompile pc=0x0000000002b376a4 method=org.jetbrains.kotlin.protobuf.CodedInputStream.tryRefillBuffer(I)Z @ 177
Event: 6.136 Thread 0x0000000002332800 Uncommon trap: reason=class_check action=maybe_recompile pc=0x0000000002ed2470 method=org.jetbrains.kotlin.load.java.structure.impl.classFiles.BinaryClassSignatureParser.parseParameterizedClassRefSignature(Ljava/text/CharacterIterator;Lorg/jetbrains/kotli
Event: 6.162 Thread 0x0000000002332800 Uncommon trap: reason=class_check action=maybe_recompile pc=0x0000000002ed2470 method=org.jetbrains.kotlin.load.java.structure.impl.classFiles.BinaryClassSignatureParser.parseParameterizedClassRefSignature(Ljava/text/CharacterIterator;Lorg/jetbrains/kotli
Event: 6.162 Thread 0x0000000002332800 Uncommon trap: reason=class_check action=maybe_recompile pc=0x0000000002ed2470 method=org.jetbrains.kotlin.load.java.structure.impl.classFiles.BinaryClassSignatureParser.parseParameterizedClassRefSignature(Ljava/text/CharacterIterator;Lorg/jetbrains/kotli
Event: 6.166 Thread 0x0000000002332800 Uncommon trap: reason=class_check action=maybe_recompile pc=0x0000000002ed2470 method=org.jetbrains.kotlin.load.java.structure.impl.classFiles.BinaryClassSignatureParser.parseParameterizedClassRefSignature(Ljava/text/CharacterIterator;Lorg/jetbrains/kotli

Classes redefined (0 events):
No events

Internal exceptions (10 events):
Event: 2.104 Thread 0x0000000002332800 Exception <a 'java/lang/NoSuchMethodError': java.lang.Object.lambda$static$0(I)[Lorg/jetbrains/kotlin/com/intellij/openapi/editor/event/DocumentListener;> (0x00000000d78df480) thrown at [C:\src\AOSP-openjdk-git\hotspot\src\share\vm\interpreter\linkResolve
Event: 2.182 Thread 0x0000000002332800 Exception <a 'java/lang/NoSuchMethodError': java.lang.Object.lambda$static$0(I)[Lorg/jetbrains/kotlin/com/intellij/psi/PsiAnnotation;> (0x00000000d7b16c20) thrown at [C:\src\AOSP-openjdk-git\hotspot\src\share\vm\interpreter\linkResolver.cpp, line 620]
Event: 2.395 Thread 0x0000000002332800 Exception <a 'java/lang/NoSuchMethodError': java.lang.Object.lambda$static$0(I)[Lorg/jetbrains/kotlin/com/intellij/psi/PsiElement;> (0x00000000d631e580) thrown at [C:\src\AOSP-openjdk-git\hotspot\src\share\vm\interpreter\linkResolver.cpp, line 620]
Event: 2.451 Thread 0x0000000002332800 Exception <a 'java/lang/NoSuchMethodError': java.lang.Object.lambda$comparing$77a9974f$1(Ljava/util/function/Function;Ljava/lang/Object;Ljava/lang/Object;)I> (0x00000000d651f7c8) thrown at [C:\src\AOSP-openjdk-git\hotspot\src\share\vm\interpreter\linkReso
Event: 4.234 Thread 0x0000000002332800 Exception <a 'java/lang/ArrayIndexOutOfBoundsException': 126> (0x00000000d76c1450) thrown at [C:\src\AOSP-openjdk-git\hotspot\src\share\vm\interpreter\interpreterRuntime.cpp, line 368]
Event: 5.412 Thread 0x0000000002332800 Exception <a 'java/lang/NoSuchMethodError': java.lang.Object.lambda$static$0(I)[Lorg/jetbrains/kotlin/psi/KtExpression;> (0x00000000d60a1620) thrown at [C:\src\AOSP-openjdk-git\hotspot\src\share\vm\interpreter\linkResolver.cpp, line 620]
Event: 5.459 Thread 0x0000000002332800 Implicit null exception at 0x0000000002cb9dd2 to 0x0000000002cba2a1
Event: 5.459 Thread 0x0000000002332800 Implicit null exception at 0x0000000002c9e4bd to 0x0000000002c9e5f5
Event: 5.583 Thread 0x0000000002332800 Exception <a 'java/lang/NoSuchMethodError': java.lang.Object.lambda$static$0(I)[Lorg/jetbrains/kotlin/psi/KtDeclaration;> (0x00000000d646ea88) thrown at [C:\src\AOSP-openjdk-git\hotspot\src\share\vm\interpreter\linkResolver.cpp, line 620]
Event: 5.640 Thread 0x0000000002332800 Exception <a 'java/lang/NoSuchMethodError': java.lang.Object.lambda$static$0(I)[Lorg/jetbrains/kotlin/psi/KtTypeElement;> (0x00000000d660d6b0) thrown at [C:\src\AOSP-openjdk-git\hotspot\src\share\vm\interpreter\linkResolver.cpp, line 620]

Events (10 events):
Event: 6.136 Thread 0x0000000002332800 DEOPT UNPACKING pc=0x000000000247557b sp=0x0000000002326ba0 mode 2
Event: 6.162 Thread 0x0000000002332800 Uncommon trap: trap_request=0xffffffde fr.pc=0x0000000002ed2470
Event: 6.162 Thread 0x0000000002332800 DEOPT PACKING pc=0x0000000002ed2470 sp=0x0000000002328240
Event: 6.162 Thread 0x0000000002332800 DEOPT UNPACKING pc=0x000000000247557b sp=0x0000000002328220 mode 2
Event: 6.162 Thread 0x0000000002332800 Uncommon trap: trap_request=0xffffffde fr.pc=0x0000000002ed2470
Event: 6.162 Thread 0x0000000002332800 DEOPT PACKING pc=0x0000000002ed2470 sp=0x0000000002328240
Event: 6.162 Thread 0x0000000002332800 DEOPT UNPACKING pc=0x000000000247557b sp=0x0000000002328220 mode 2
Event: 6.166 Thread 0x0000000002332800 Uncommon trap: trap_request=0xffffffde fr.pc=0x0000000002ed2470
Event: 6.166 Thread 0x0000000002332800 DEOPT PACKING pc=0x0000000002ed2470 sp=0x00000000023289b0
Event: 6.166 Thread 0x0000000002332800 DEOPT UNPACKING pc=0x000000000247557b sp=0x0000000002328990 mode 2


Dynamic libraries:
0x00007ff62d910000 - 0x00007ff62d941000 	C:\Program Files\Android\Android Studio1\jre\jre\bin\java.exe
0x00007ffc549b0000 - 0x00007ffc54ba5000 	C:\WINDOWS\SYSTEM32\ntdll.dll
0x00007ffc53630000 - 0x00007ffc536ed000 	C:\WINDOWS\System32\KERNEL32.DLL
0x00007ffc52500000 - 0x00007ffc527c8000 	C:\WINDOWS\System32\KERNELBASE.dll
0x00007ffc52b50000 - 0x00007ffc52bfc000 	C:\WINDOWS\System32\ADVAPI32.dll
0x00007ffc52c80000 - 0x00007ffc52d1e000 	C:\WINDOWS\System32\msvcrt.dll
0x00007ffc53050000 - 0x00007ffc530eb000 	C:\WINDOWS\System32\sechost.dll
0x00007ffc547e0000 - 0x00007ffc5490b000 	C:\WINDOWS\System32\RPCRT4.dll
0x00007ffc52d20000 - 0x00007ffc52ec0000 	C:\WINDOWS\System32\USER32.dll
0x00007ffc52150000 - 0x00007ffc52172000 	C:\WINDOWS\System32\win32u.dll
0x00007ffc54700000 - 0x00007ffc5472a000 	C:\WINDOWS\System32\GDI32.dll
0x00007ffc52180000 - 0x00007ffc5228b000 	C:\WINDOWS\System32\gdi32full.dll
0x00007ffc52930000 - 0x00007ffc529cd000 	C:\WINDOWS\System32\msvcp_win.dll
0x00007ffc52400000 - 0x00007ffc52500000 	C:\WINDOWS\System32\ucrtbase.dll
0x00007ffc426c0000 - 0x00007ffc4295a000 	C:\WINDOWS\WinSxS\amd64_microsoft.windows.common-controls_6595b64144ccf1df_6.0.19041.1052_none_60b8f8fd71f5e8cb\COMCTL32.dll
0x00007ffc537d0000 - 0x00007ffc53800000 	C:\WINDOWS\System32\IMM32.DLL
0x000000006bb00000 - 0x000000006bbd2000 	C:\Program Files\Android\Android Studio1\jre\jre\bin\msvcr100.dll
0x000000006c570000 - 0x000000006cdbb000 	C:\Program Files\Android\Android Studio1\jre\jre\bin\server\jvm.dll
0x00007ffc54540000 - 0x00007ffc54548000 	C:\WINDOWS\System32\PSAPI.DLL
0x00007ffc389f0000 - 0x00007ffc389f9000 	C:\WINDOWS\SYSTEM32\WSOCK32.dll
0x00007ffc530f0000 - 0x00007ffc5315b000 	C:\WINDOWS\System32\WS2_32.dll
0x00007ffc43350000 - 0x00007ffc43377000 	C:\WINDOWS\SYSTEM32\WINMM.dll
0x00007ffc4bcf0000 - 0x00007ffc4bcfa000 	C:\WINDOWS\SYSTEM32\VERSION.dll
0x00007ffc4cca0000 - 0x00007ffc4ccaf000 	C:\Program Files\Android\Android Studio1\jre\jre\bin\verify.dll
0x00007ffc3b190000 - 0x00007ffc3b1b9000 	C:\Program Files\Android\Android Studio1\jre\jre\bin\java.dll
0x00007ffc35730000 - 0x00007ffc35746000 	C:\Program Files\Android\Android Studio1\jre\jre\bin\zip.dll
0x00007ffc53ce0000 - 0x00007ffc5441f000 	C:\WINDOWS\System32\SHELL32.dll
0x00007ffc500d0000 - 0x00007ffc50860000 	C:\WINDOWS\SYSTEM32\windows.storage.dll
0x00007ffc538c0000 - 0x00007ffc53c15000 	C:\WINDOWS\System32\combase.dll
0x00007ffc51b60000 - 0x00007ffc51b8c000 	C:\WINDOWS\SYSTEM32\Wldp.dll
0x00007ffc53c30000 - 0x00007ffc53cde000 	C:\WINDOWS\System32\SHCORE.dll
0x00007ffc52af0000 - 0x00007ffc52b45000 	C:\WINDOWS\System32\shlwapi.dll
0x00007ffc52030000 - 0x00007ffc5204f000 	C:\WINDOWS\SYSTEM32\profapi.dll
0x00007ffc30840000 - 0x00007ffc3085a000 	C:\Program Files\Android\Android Studio1\jre\jre\bin\net.dll
0x00007ffc518d0000 - 0x00007ffc5193a000 	C:\WINDOWS\system32\mswsock.dll
0x00007ffc2cf80000 - 0x00007ffc2cf93000 	C:\Program Files\Android\Android Studio1\jre\jre\bin\nio.dll

VM Arguments:
java_command: org.jetbrains.kotlin.cli.jvm.K2JVMCompiler @C:\Users\user\Documents\GitHub\kotlin_stuff\HydrateMe\app\build\20210706_8438324701194047482.compiler.options
java_class_path (initial): C:\Users\user\.gradle\caches\modules-2\files-2.1\org.jetbrains.kotlin\kotlin-compiler-embeddable\1.4.31\6451ea797cef544e81f507b0d9959cd97ae09c0\kotlin-compiler-embeddable-1.4.31.jar;C:\Users\user\.gradle\caches\modules-2\files-2.1\org.jetbrains.kotlin\kotlin-reflect\1.4.31\63db9d66c3d20f7b8f66196e7ba86969daae8b8a\kotlin-reflect-1.4.31.jar;C:\Users\user\.gradle\caches\modules-2\files-2.1\org.jetbrains.kotlin\kotlin-stdlib\1.4.31\a58e0fb9812a6a93ca24b5da75e4b5a0cb89c957\kotlin-stdlib-1.4.31.jar;C:\Users\user\.gradle\caches\modules-2\files-2.1\org.jetbrains.kotlin\kotlin-script-runtime\1.4.31\183616b52cfb8ddaa8a2a15bf926e87dfcddcde3\kotlin-script-runtime-1.4.31.jar;C:\Users\user\.gradle\caches\modules-2\files-2.1\org.jetbrains.kotlin\kotlin-daemon-embeddable\1.4.31\10faf8ac3dd5975ed972b2bc395b4ffc7ffde246\kotlin-daemon-embeddable-1.4.31.jar;C:\Users\user\.gradle\caches\modules-2\files-2.1\org.jetbrains.intellij.deps\trove4j\1.0.20181211\216c2e14b070f334479d800987affe4054cd563f\trove4j-1.0.20181211.jar;C:\Users\user\.gradle\caches\modules-2\files-2.1\org.jetbrains.kotlin\kotlin-stdlib-common\1.4.31\6dd50665802f54ba9bc3f70ecb20227d1bc81323\kotlin-stdlib-common-1.4.31.jar;C:\Users\user\.gradle\caches\modules-2\files-2.1\org.jetbrains\annotations\13.0\919f0dfe192fb4e063e7dacadee7f8bb9a2672a9\annotations-13.0.jar;C:\Program Files\Android\Android Studio1\jre\lib\tools.jar
Launcher Type: SUN_STANDARD

Environment Variables:
JAVA_HOME=C:\Program Files\Android\Android Studio1\jre
PATH=C:\Program Files\NVIDIA GPU Computing Toolkit\CUDA\v9.0\bin;C:\Program Files\NVIDIA GPU Computing Toolkit\CUDA\v9.0\libnvvp;C:\ProgramData\Oracle\Java\javapath;C:\Windows\system32;C:\Windows;C:\Windows\System32\Wbem;C:\Windows\System32\WindowsPowerShell\v1.0\;C:\WINDOWS\system32;C:\WINDOWS;C:\WINDOWS\System32\Wbem;C:\WINDOWS\System32\WindowsPowerShell\v1.0\;C:\WINDOWS\System32\OpenSSH\;C:\Program Files (x86)\NVIDIA Corporation\PhysX\Common;C:\Program Files\NVIDIA Corporation\NVIDIA NvDLISR;C:\WINDOWS\system32\config\systemprofile\.dnx\bin;C:\Program Files\Microsoft DNX\Dnvm\;C:\Program Files\Microsoft SQL Server\130\Tools\Binn\;C:\Program Files\LLVM\bin;C:\WINDOWS\system32;C:\WINDOWS;C:\WINDOWS\System32\Wbem;C:\WINDOWS\System32\WindowsPowerShell\v1.0\;C:\WINDOWS\System32\OpenSSH\;C:\Program Files\dotnet\;C:\Program Files\Microsoft SQL Server\Client SDK\ODBC\130\Tools\Binn\;C:\Program Files (x86)\Microsoft SQL Server\140\Tools\Binn\;C:\Program Files\Microsoft SQL Server\140\Tools\Binn\;C:\Program Files\Microsoft SQL Server\140\DTS\Binn\;C:\Program Files\Git\cmd;C:\Program Files (x86)\Windows Live\Shared;C:\Program Files\nodejs\;C:\Users\user\scoop\apps\python\current;C:\Users\user\scoop\apps\python\current\Scripts;C:\Users\user\scoop\shims;C:\Users\user\AppData\Local\Programs\Python\Python37\Scripts\;C:\Users\user\AppData\Local\Programs\Python\Python37\;C:\Users\user\AppData\Local\Microsoft\WindowsApps;C:\texlive\2019\bin\win32;C:\Users\user\.dotnet\tools;C:\Program Files\JetBrains\IntelliJ IDEA 2020.1.1\bin;C:\Users\user\AppData\Local\GitHubDesktop\bin;C:\Users\user\go\bin;C:\Program Files\Heroku\bin;C:\Users\user\AppData\Local\Google\Cloud SDK\google-cloud-sdk\bin;C:\Users\user\AppData\Local\Microsoft\WindowsApps;D:\Microsoft VS Code\bin;C:\Users\user\AppData\Roaming\npm;C:\Gradle\gradle-7.0.2\bin;
USERNAME=user
OS=Windows_NT
PROCESSOR_IDENTIFIER=Intel64 Family 6 Model 94 Stepping 3, GenuineIntel



---------------  S Y S T E M  ---------------

OS: Windows 10.0 , 64 bit Build 19041 (10.0.19041.1023)

CPU:total 4 (initial active 4) (4 cores per cpu, 1 threads per core) family 6 model 94 stepping 3, cmov, cx8, fxsr, mmx, sse, sse2, sse3, ssse3, sse4.1, sse4.2, popcnt, avx, avx2, aes, clmul, erms, 3dnowpref, lzcnt, tsc, tscinvbit, bmi1, bmi2, adx

Memory: 4k page, physical 8274240k(423988k free), swap 16466240k(4680k free)

vm_info: OpenJDK 64-Bit Server VM (25.242-b01) for windows-amd64 JRE (1.8.0_242-release-1644-b01), built by "builder" with MS VC++ 10.0 (VS2010)

time: Tue Jul 06 21:08:40 2021
timezone: RTZ 2 (зима)
elapsed time: 6 seconds (0d 0h 0m 6s)

